<?xml version="1.0" encoding="UTF-8"?>
<!-- Generated by org.testng.reporters.JUnitReportReporter -->
<testsuite hostname="tuluu-pc" name="org.exoplatform.selenium.platform.plf.sniff.Plf_HomepageGadget_SuggestionGadget" tests="1" failures="1" timestamp="22 Feb 2016 07:37:31 GMT" time="0.000" errors="0">
  <testcase name="test02_NotShowSuggestionsGadget" time="0.000" classname="org.exoplatform.selenium.platform.plf.sniff.Plf_HomepageGadget_SuggestionGadget">
    <failure type="org.openqa.selenium.WebDriverException" message="Failed to connect to binary FirefoxBinary(C:\Program Files (x86)\Mozilla Firefox\firefox.exe) on port 7055; process output follows: 
&quot;aboutURL&quot;:null,&quot;iconURL&quot;:null,&quot;icon64URL&quot;:null,&quot;defaultLocale&quot;:{&quot;name&quot;:&quot;Default&quot;,&quot;description&quot;:&quot;The default theme.&quot;,&quot;creator&quot;:&quot;Mozilla&quot;,&quot;homepageURL&quot;:null,&quot;contributors&quot;:[&quot;Mozilla Contributors&quot;]},&quot;visible&quot;:true,&quot;active&quot;:true,&quot;userDisabled&quot;:false,&quot;appDisabled&quot;:false,&quot;descriptor&quot;:&quot;C:\\Program Files (x86)\\Mozilla Firefox\\browser\\extensions\\{972ce4c6-7e08-4474-a285-3208198ce6fd}&quot;,&quot;installDate&quot;:1455611943646,&quot;updateDate&quot;:1455611943646,&quot;applyBackgroundUpdates&quot;:1,&quot;skinnable&quot;:true,&quot;size&quot;:23187,&quot;sourceURI&quot;:null,&quot;releaseNotesURI&quot;:null,&quot;softDisabled&quot;:false,&quot;foreignInstall&quot;:false,&quot;hasBinaryComponents&quot;:false,&quot;strictCompatibility&quot;:true,&quot;locales&quot;:[],&quot;targetApplications&quot;:[{&quot;id&quot;:&quot;{ec8030f7-c20a-464f-9b0e-13a3a9e97384}&quot;,&quot;minVersion&quot;:&quot;40.0&quot;,&quot;maxVersion&quot;:&quot;40.0&quot;}],&quot;targetPlatforms&quot;:[]}
1456126605376	addons.xpi	DEBUG	getModTime: Recursive scan of {972ce4c6-7e08-4474-a285-3208198ce6fd}
1456126605377	addons.xpi	DEBUG	Updating database with changes to installed add-ons
1456126605378	addons.xpi-utils	DEBUG	Updating add-on states
1456126605378	addons.xpi-utils	DEBUG	Writing add-ons list
1456126605386	addons.manager	DEBUG	Registering shutdown blocker for XPIProvider
1456126605387	addons.manager	DEBUG	Provider finished startup: XPIProvider
1456126605387	addons.manager	DEBUG	Starting provider: LightweightThemeManager
1456126605387	addons.manager	DEBUG	Registering shutdown blocker for LightweightThemeManager
1456126605387	addons.manager	DEBUG	Provider finished startup: LightweightThemeManager
1456126605387	addons.manager	DEBUG	Starting provider: GMPProvider
1456126605392	addons.manager	DEBUG	Registering shutdown blocker for GMPProvider
1456126605392	addons.manager	DEBUG	Provider finished startup: GMPProvider
1456126605392	addons.manager	DEBUG	Starting provider: PluginProvider
1456126605392	addons.manager	DEBUG	Registering shutdown blocker for PluginProvider
1456126605393	addons.manager	DEBUG	Provider finished startup: PluginProvider
1456126605393	addons.manager	DEBUG	Completed startup sequence
1456126605871	addons.manager	DEBUG	Starting provider: &lt;unnamed-provider&gt;
1456126605871	addons.manager	DEBUG	Registering shutdown blocker for &lt;unnamed-provider&gt;
1456126605872	addons.manager	DEBUG	Provider finished startup: &lt;unnamed-provider&gt;
1456126606140	DeferredSave.extensions.json	DEBUG	Starting write
1456126606234	addons.repository	DEBUG	No addons.json found.
1456126606234	DeferredSave.addons.json	DEBUG	Save changes
1456126606236	DeferredSave.addons.json	DEBUG	Starting timer
1456126606249	addons.manager	DEBUG	Starting provider: PreviousExperimentProvider
1456126606250	addons.manager	DEBUG	Registering shutdown blocker for PreviousExperimentProvider
1456126606250	addons.manager	DEBUG	Provider finished startup: PreviousExperimentProvider
1456126606258	DeferredSave.extensions.json	DEBUG	Write succeeded
1456126606259	addons.xpi-utils	DEBUG	XPI Database saved, setting schema version preference to 17
1456126606411	DeferredSave.addons.json	DEBUG	Starting write
1456126606418	DeferredSave.addons.json	DEBUG	Write succeeded
JavaScript error: , line 0: uncaught exception: [object Object]
JavaScript error: chrome://fxdriver/content/server.js, line 61: NS_ERROR_XPC_CI_RETURNED_FAILURE: Component returned failure code: 0x80570015 (NS_ERROR_XPC_CI_RETURNED_FAILURE) [nsIJSCID.createInstance]
1456126626558	addons.manager	DEBUG	shutdown
1456126626558	addons.manager	DEBUG	Calling shutdown blocker for XPIProvider
1456126626559	addons.xpi	DEBUG	shutdown
1456126626559	addons.xpi-utils	DEBUG	shutdown
1456126626559	addons.manager	DEBUG	Calling shutdown blocker for LightweightThemeManager
1456126626559	addons.manager	DEBUG	Calling shutdown blocker for GMPProvider
1456126626560	addons.manager	DEBUG	Calling shutdown blocker for PluginProvider
1456126626560	addons.manager	DEBUG	Calling shutdown blocker for &lt;unnamed-provider&gt;
1456126626561	addons.manager	DEBUG	Calling shutdown blocker for PreviousExperimentProvider
1456126626562	addons.xpi	DEBUG	Notifying XPI shutdown observers
1456126626563	addons.manager	DEBUG	Async provider shutdown done

Build info: version: &#039;2.52.0&#039;, revision: &#039;4c2593cfc3689a7fcd7be52549167e5ccc93ad28&#039;, time: &#039;2016-02-11 11:22:43&#039;
System info: host: &#039;tuluu-pc&#039;, ip: &#039;10.10.14.43&#039;, os.name: &#039;Windows 8.1&#039;, os.arch: &#039;amd64&#039;, os.version: &#039;6.3&#039;, java.version: &#039;1.7.0_79&#039;
Driver info: driver.version: FirefoxDriver">
      <![CDATA[org.openqa.selenium.WebDriverException: Failed to connect to binary FirefoxBinary(C:\Program Files (x86)\Mozilla Firefox\firefox.exe) on port 7055; process output follows: 
"aboutURL":null,"iconURL":null,"icon64URL":null,"defaultLocale":{"name":"Default","description":"The default theme.","creator":"Mozilla","homepageURL":null,"contributors":["Mozilla Contributors"]},"visible":true,"active":true,"userDisabled":false,"appDisabled":false,"descriptor":"C:\\Program Files (x86)\\Mozilla Firefox\\browser\\extensions\\{972ce4c6-7e08-4474-a285-3208198ce6fd}","installDate":1455611943646,"updateDate":1455611943646,"applyBackgroundUpdates":1,"skinnable":true,"size":23187,"sourceURI":null,"releaseNotesURI":null,"softDisabled":false,"foreignInstall":false,"hasBinaryComponents":false,"strictCompatibility":true,"locales":[],"targetApplications":[{"id":"{ec8030f7-c20a-464f-9b0e-13a3a9e97384}","minVersion":"40.0","maxVersion":"40.0"}],"targetPlatforms":[]}
1456126605376	addons.xpi	DEBUG	getModTime: Recursive scan of {972ce4c6-7e08-4474-a285-3208198ce6fd}
1456126605377	addons.xpi	DEBUG	Updating database with changes to installed add-ons
1456126605378	addons.xpi-utils	DEBUG	Updating add-on states
1456126605378	addons.xpi-utils	DEBUG	Writing add-ons list
1456126605386	addons.manager	DEBUG	Registering shutdown blocker for XPIProvider
1456126605387	addons.manager	DEBUG	Provider finished startup: XPIProvider
1456126605387	addons.manager	DEBUG	Starting provider: LightweightThemeManager
1456126605387	addons.manager	DEBUG	Registering shutdown blocker for LightweightThemeManager
1456126605387	addons.manager	DEBUG	Provider finished startup: LightweightThemeManager
1456126605387	addons.manager	DEBUG	Starting provider: GMPProvider
1456126605392	addons.manager	DEBUG	Registering shutdown blocker for GMPProvider
1456126605392	addons.manager	DEBUG	Provider finished startup: GMPProvider
1456126605392	addons.manager	DEBUG	Starting provider: PluginProvider
1456126605392	addons.manager	DEBUG	Registering shutdown blocker for PluginProvider
1456126605393	addons.manager	DEBUG	Provider finished startup: PluginProvider
1456126605393	addons.manager	DEBUG	Completed startup sequence
1456126605871	addons.manager	DEBUG	Starting provider: <unnamed-provider>
1456126605871	addons.manager	DEBUG	Registering shutdown blocker for <unnamed-provider>
1456126605872	addons.manager	DEBUG	Provider finished startup: <unnamed-provider>
1456126606140	DeferredSave.extensions.json	DEBUG	Starting write
1456126606234	addons.repository	DEBUG	No addons.json found.
1456126606234	DeferredSave.addons.json	DEBUG	Save changes
1456126606236	DeferredSave.addons.json	DEBUG	Starting timer
1456126606249	addons.manager	DEBUG	Starting provider: PreviousExperimentProvider
1456126606250	addons.manager	DEBUG	Registering shutdown blocker for PreviousExperimentProvider
1456126606250	addons.manager	DEBUG	Provider finished startup: PreviousExperimentProvider
1456126606258	DeferredSave.extensions.json	DEBUG	Write succeeded
1456126606259	addons.xpi-utils	DEBUG	XPI Database saved, setting schema version preference to 17
1456126606411	DeferredSave.addons.json	DEBUG	Starting write
1456126606418	DeferredSave.addons.json	DEBUG	Write succeeded
JavaScript error: , line 0: uncaught exception: [object Object]
JavaScript error: chrome://fxdriver/content/server.js, line 61: NS_ERROR_XPC_CI_RETURNED_FAILURE: Component returned failure code: 0x80570015 (NS_ERROR_XPC_CI_RETURNED_FAILURE) [nsIJSCID.createInstance]
1456126626558	addons.manager	DEBUG	shutdown
1456126626558	addons.manager	DEBUG	Calling shutdown blocker for XPIProvider
1456126626559	addons.xpi	DEBUG	shutdown
1456126626559	addons.xpi-utils	DEBUG	shutdown
1456126626559	addons.manager	DEBUG	Calling shutdown blocker for LightweightThemeManager
1456126626559	addons.manager	DEBUG	Calling shutdown blocker for GMPProvider
1456126626560	addons.manager	DEBUG	Calling shutdown blocker for PluginProvider
1456126626560	addons.manager	DEBUG	Calling shutdown blocker for <unnamed-provider>
1456126626561	addons.manager	DEBUG	Calling shutdown blocker for PreviousExperimentProvider
1456126626562	addons.xpi	DEBUG	Notifying XPI shutdown observers
1456126626563	addons.manager	DEBUG	Async provider shutdown done

Build info: version: '2.52.0', revision: '4c2593cfc3689a7fcd7be52549167e5ccc93ad28', time: '2016-02-11 11:22:43'
System info: host: 'tuluu-pc', ip: '10.10.14.43', os.name: 'Windows 8.1', os.arch: 'amd64', os.version: '6.3', java.version: '1.7.0_79'
Driver info: driver.version: FirefoxDriver
	at org.openqa.selenium.firefox.internal.NewProfileExtensionConnection.start(NewProfileExtensionConnection.java:125)
	at org.openqa.selenium.firefox.FirefoxDriver.startClient(FirefoxDriver.java:271)
	at org.openqa.selenium.remote.RemoteWebDriver.<init>(RemoteWebDriver.java:119)
	at org.openqa.selenium.firefox.FirefoxDriver.<init>(FirefoxDriver.java:216)
	at org.openqa.selenium.firefox.FirefoxDriver.<init>(FirefoxDriver.java:211)
	at org.openqa.selenium.firefox.FirefoxDriver.<init>(FirefoxDriver.java:207)
	at org.openqa.selenium.firefox.FirefoxDriver.<init>(FirefoxDriver.java:124)
	at org.exoplatform.selenium.TestBase.initFFDriver(TestBase.java:736)
	at org.exoplatform.selenium.TestBase.initSeleniumTestWithOutTermAndCondition(TestBase.java:749)
	at org.exoplatform.selenium.TestBase.initSeleniumTest(TestBase.java:853)
	at org.exoplatform.selenium.platform.plf.sniff.Plf_TestConfig.setUpBeforeClass(Plf_TestConfig.java:126)
	at sun.reflect.NativeMethodAccessorImpl.invoke0(Native Method)
	at sun.reflect.NativeMethodAccessorImpl.invoke(Unknown Source)
	at sun.reflect.DelegatingMethodAccessorImpl.invoke(Unknown Source)
	at java.lang.reflect.Method.invoke(Unknown Source)
	at org.testng.internal.MethodInvocationHelper.invokeMethod(MethodInvocationHelper.java:80)
	at org.testng.internal.Invoker.invokeConfigurationMethod(Invoker.java:551)
	at org.testng.internal.Invoker.invokeConfigurations(Invoker.java:213)
	at org.testng.internal.Invoker.invokeConfigurations(Invoker.java:138)
	at org.testng.internal.TestMethodWorker.invokeBeforeClassMethods(TestMethodWorker.java:175)
	at org.testng.internal.TestMethodWorker.run(TestMethodWorker.java:107)
	at org.testng.TestRunner.privateRun(TestRunner.java:768)
	at org.testng.TestRunner.run(TestRunner.java:617)
	at org.testng.SuiteRunner.runTest(SuiteRunner.java:334)
	at org.testng.SuiteRunner.runSequentially(SuiteRunner.java:329)
	at org.testng.SuiteRunner.privateRun(SuiteRunner.java:291)
	at org.testng.SuiteRunner.run(SuiteRunner.java:240)
	at org.testng.SuiteRunnerWorker.runSuite(SuiteRunnerWorker.java:53)
	at org.testng.SuiteRunnerWorker.run(SuiteRunnerWorker.java:87)
	at org.testng.TestNG.runSuitesSequentially(TestNG.java:1188)
	at org.testng.TestNG.runSuitesLocally(TestNG.java:1113)
	at org.testng.TestNG.run(TestNG.java:1025)
	at org.testng.remote.RemoteTestNG.run(RemoteTestNG.java:115)
	at org.testng.remote.RemoteTestNG.initAndRun(RemoteTestNG.java:207)
	at org.testng.remote.RemoteTestNG.main(RemoteTestNG.java:178)
Caused by: org.openqa.selenium.firefox.NotConnectedException: Unable to connect to host 127.0.0.1 on port 7055 after 45000 ms. Firefox console output:
"aboutURL":null,"iconURL":null,"icon64URL":null,"defaultLocale":{"name":"Default","description":"The default theme.","creator":"Mozilla","homepageURL":null,"contributors":["Mozilla Contributors"]},"visible":true,"active":true,"userDisabled":false,"appDisabled":false,"descriptor":"C:\\Program Files (x86)\\Mozilla Firefox\\browser\\extensions\\{972ce4c6-7e08-4474-a285-3208198ce6fd}","installDate":1455611943646,"updateDate":1455611943646,"applyBackgroundUpdates":1,"skinnable":true,"size":23187,"sourceURI":null,"releaseNotesURI":null,"softDisabled":false,"foreignInstall":false,"hasBinaryComponents":false,"strictCompatibility":true,"locales":[],"targetApplications":[{"id":"{ec8030f7-c20a-464f-9b0e-13a3a9e97384}","minVersion":"40.0","maxVersion":"40.0"}],"targetPlatforms":[]}
1456126605376	addons.xpi	DEBUG	getModTime: Recursive scan of {972ce4c6-7e08-4474-a285-3208198ce6fd}
1456126605377	addons.xpi	DEBUG	Updating database with changes to installed add-ons
1456126605378	addons.xpi-utils	DEBUG	Updating add-on states
1456126605378	addons.xpi-utils	DEBUG	Writing add-ons list
1456126605386	addons.manager	DEBUG	Registering shutdown blocker for XPIProvider
1456126605387	addons.manager	DEBUG	Provider finished startup: XPIProvider
1456126605387	addons.manager	DEBUG	Starting provider: LightweightThemeManager
1456126605387	addons.manager	DEBUG	Registering shutdown blocker for LightweightThemeManager
1456126605387	addons.manager	DEBUG	Provider finished startup: LightweightThemeManager
1456126605387	addons.manager	DEBUG	Starting provider: GMPProvider
1456126605392	addons.manager	DEBUG	Registering shutdown blocker for GMPProvider
1456126605392	addons.manager	DEBUG	Provider finished startup: GMPProvider
1456126605392	addons.manager	DEBUG	Starting provider: PluginProvider
1456126605392	addons.manager	DEBUG	Registering shutdown blocker for PluginProvider
1456126605393	addons.manager	DEBUG	Provider finished startup: PluginProvider
1456126605393	addons.manager	DEBUG	Completed startup sequence
1456126605871	addons.manager	DEBUG	Starting provider: <unnamed-provider>
1456126605871	addons.manager	DEBUG	Registering shutdown blocker for <unnamed-provider>
1456126605872	addons.manager	DEBUG	Provider finished startup: <unnamed-provider>
1456126606140	DeferredSave.extensions.json	DEBUG	Starting write
1456126606234	addons.repository	DEBUG	No addons.json found.
1456126606234	DeferredSave.addons.json	DEBUG	Save changes
1456126606236	DeferredSave.addons.json	DEBUG	Starting timer
1456126606249	addons.manager	DEBUG	Starting provider: PreviousExperimentProvider
1456126606250	addons.manager	DEBUG	Registering shutdown blocker for PreviousExperimentProvider
1456126606250	addons.manager	DEBUG	Provider finished startup: PreviousExperimentProvider
1456126606258	DeferredSave.extensions.json	DEBUG	Write succeeded
1456126606259	addons.xpi-utils	DEBUG	XPI Database saved, setting schema version preference to 17
1456126606411	DeferredSave.addons.json	DEBUG	Starting write
1456126606418	DeferredSave.addons.json	DEBUG	Write succeeded
JavaScript error: , line 0: uncaught exception: [object Object]
JavaScript error: chrome://fxdriver/content/server.js, line 61: NS_ERROR_XPC_CI_RETURNED_FAILURE: Component returned failure code: 0x80570015 (NS_ERROR_XPC_CI_RETURNED_FAILURE) [nsIJSCID.createInstance]
1456126626558	addons.manager	DEBUG	shutdown
1456126626558	addons.manager	DEBUG	Calling shutdown blocker for XPIProvider
1456126626559	addons.xpi	DEBUG	shutdown
1456126626559	addons.xpi-utils	DEBUG	shutdown
1456126626559	addons.manager	DEBUG	Calling shutdown blocker for LightweightThemeManager
1456126626559	addons.manager	DEBUG	Calling shutdown blocker for GMPProvider
1456126626560	addons.manager	DEBUG	Calling shutdown blocker for PluginProvider
1456126626560	addons.manager	DEBUG	Calling shutdown blocker for <unnamed-provider>
1456126626561	addons.manager	DEBUG	Calling shutdown blocker for PreviousExperimentProvider
1456126626562	addons.xpi	DEBUG	Notifying XPI shutdown observers
1456126626563	addons.manager	DEBUG	Async provider shutdown done

	at org.openqa.selenium.firefox.internal.NewProfileExtensionConnection.start(NewProfileExtensionConnection.java:113)
	... 34 more
]]>
    </failure>
  </testcase> <!-- test02_NotShowSuggestionsGadget -->
</testsuite> <!-- org.exoplatform.selenium.platform.plf.sniff.Plf_HomepageGadget_SuggestionGadget -->
