<?xml version="1.0" encoding="UTF-8"?>
<!-- Generated by org.testng.reporters.JUnitReportReporter -->
<testsuite hostname="tuluu-pc" name="org.niteco.selenium.platform.rs.RSFlow" tests="1" failures="0" timestamp="24 Feb 2016 03:59:42 GMT" time="8.485" errors="0">
  <testcase name="test01_flowiMisRSEx" time="8.485" classname="org.niteco.selenium.platform.rs.RSFlow"/>
</testsuite> <!-- org.niteco.selenium.platform.rs.RSFlow -->
