<?xml version="1.0" encoding="UTF-8"?>
<!-- Generated by org.testng.reporters.JUnitReportReporter -->
<testsuite hostname="tuluu-pc" name="org.niteco.selenium.platform.rc.RCFlow" tests="1" failures="0" timestamp="23 Feb 2016 04:53:37 GMT" time="124.695" errors="0">
  <testcase name="test01_flowiMis" time="124.695" classname="org.niteco.selenium.platform.rc.RCFlow"/>
</testsuite> <!-- org.niteco.selenium.platform.rc.RCFlow -->
